<?xml version="1.0" encoding="UTF-8"?>
<!-- Generated by org.testng.reporters.JUnitReportReporter -->
<testsuite hostname="DESKTOP-137NM9T" failures="0" tests="1" name="com.qa.TN.Testcases.HomepageTest" time="9.056" errors="0" timestamp="2024-01-12T18:17:11 EST" skipped="0">
  <testcase classname="com.qa.TN.Testcases.HomepageTest" name="homepageLinksVerifaction" time="9.056"/>
</testsuite> <!-- com.qa.TN.Testcases.HomepageTest -->
